TN:
SF:src/index.js
FN:1,(anonymous_0)
FNF:1
FNH:1
FNDA:2,(anonymous_0)
DA:1,2
LF:1
LH:1
BRF:0
BRH:0
end_of_record
TN:
SF:src/time.js
FN:1,(anonymous_0)
FNF:1
FNH:1
FNDA:6,(anonymous_0)
DA:1,1
DA:2,6
DA:3,2
DA:5,4
DA:6,4
DA:7,4
DA:8,1
DA:10,4
DA:11,1
DA:13,4
DA:14,0
DA:16,4
DA:17,2
DA:19,4
DA:20,4
DA:22,4
LF:16
LH:15
BRDA:2,0,0,2
BRDA:2,0,1,4
BRDA:2,1,0,6
BRDA:2,1,1,5
BRDA:7,2,0,1
BRDA:7,2,1,3
BRDA:7,3,0,4
BRDA:7,3,1,4
BRDA:10,4,0,1
BRDA:10,4,1,3
BRDA:10,5,0,4
BRDA:10,5,1,1
BRDA:13,6,0,0
BRDA:13,6,1,4
BRDA:16,7,0,2
BRDA:16,7,1,2
BRDA:16,8,0,4
BRDA:16,8,1,3
BRDA:20,9,0,1
BRDA:20,9,1,3
BRF:20
BRH:19
end_of_record
